<?xml version="1.0" encoding="UTF-8"?>
<!-- Generated by org.testng.reporters.JUnitReportReporter -->
<testsuite hostname="LAPTOP-4TMQ0CSN" failures="0" tests="1" name="com.simplilearn.demo.Flipkart" time="70.294" errors="0" timestamp="2022-10-11T22:27:18 IST" skipped="0">
  <testcase classname="com.simplilearn.demo.Flipkart" name="search" time="70.294"/>
  <system-out/>
</testsuite> <!-- com.simplilearn.demo.Flipkart -->
