<?xml version="1.0" encoding="UTF-8"?>
<!-- Generated by org.testng.reporters.JUnitReportReporter -->
<testsuite hostname="LAPTOP-4TMQ0CSN" failures="0" tests="4" name="com.simplilearn.demo.Automation" time="196.054" errors="0" timestamp="2022-10-01T19:47:54 IST" skipped="0">
  <testcase classname="com.simplilearn.demo.Automation" name="addtocart" time="51.230"/>
  <system-out/>
  <testcase classname="com.simplilearn.demo.Automation" name="register" time="34.984"/>
  <system-out/>
  <testcase classname="com.simplilearn.demo.Automation" name="login" time="42.560"/>
  <system-out/>
  <testcase classname="com.simplilearn.demo.Automation" name="search" time="67.280"/>
  <system-out/>
</testsuite> <!-- com.simplilearn.demo.Automation -->
