<?xml version="1.0" encoding="UTF-8"?>
<!-- Generated by org.testng.reporters.JUnitReportReporter -->
<testsuite hostname="LAPTOP-4TMQ0CSN" failures="0" tests="7" name="com.MyAppApplicationTestscode" time="79.905" errors="0" timestamp="2022-10-13T21:58:22 IST" skipped="0">
  <testcase classname="com.MyAppApplicationTestscode" name="testing" time="4.116"/>
  <system-out/>
  <testcase classname="com.MyAppApplicationTestscode" name="signup" time="5.486"/>
  <system-out/>
  <testcase classname="com.MyAppApplicationTestscode" name="signin" time="8.254"/>
  <system-out/>
  <testcase classname="com.MyAppApplicationTestscode" name="adminhome" time="18.933"/>
  <system-out/>
  <testcase classname="com.MyAppApplicationTestscode" name="userhome" time="14.088"/>
  <system-out/>
  <testcase classname="com.MyAppApplicationTestscode" name="loadusers" time="14.971"/>
  <system-out/>
  <testcase classname="com.MyAppApplicationTestscode" name="approve" time="14.057"/>
  <system-out/>
</testsuite> <!-- com.MyAppApplicationTestscode -->
